-------------------------------------------------------------------------------
Test set: com.innovateEDU.AuthIntegrationTest
-------------------------------------------------------------------------------
Tests run: 1, Failures: 0, Errors: 1, Skipped: 0, Time elapsed: 4.397 sec <<< FAILURE!
com.innovateEDU.AuthIntegrationTest  Time elapsed: 4.396 sec  <<< ERROR!
org.hibernate.HibernateException: Errors in named queries: com.innovateEDU.core.Bookmark.findForUser
	at org.hibernate.internal.SessionFactoryImpl.<init>(SessionFactoryImpl.java:545)
	at org.hibernate.cfg.Configuration.buildSessionFactory(Configuration.java:1859)
	at io.dropwizard.hibernate.SessionFactoryFactory.buildSessionFactory(SessionFactoryFactory.java:96)
	at io.dropwizard.hibernate.SessionFactoryFactory.build(SessionFactoryFactory.java:49)
	at io.dropwizard.hibernate.SessionFactoryFactory.build(SessionFactoryFactory.java:39)
	at io.dropwizard.hibernate.HibernateBundle.run(HibernateBundle.java:56)
	at io.dropwizard.hibernate.HibernateBundle.run(HibernateBundle.java:14)
	at io.dropwizard.setup.Bootstrap.run(Bootstrap.java:199)
	at io.dropwizard.testing.DropwizardTestSupport$2.run(DropwizardTestSupport.java:175)
	at io.dropwizard.cli.EnvironmentCommand.run(EnvironmentCommand.java:39)
	at io.dropwizard.cli.ConfiguredCommand.run(ConfiguredCommand.java:77)
	at io.dropwizard.testing.DropwizardTestSupport.startIfRequired(DropwizardTestSupport.java:212)
	at io.dropwizard.testing.DropwizardTestSupport.before(DropwizardTestSupport.java:115)
	at io.dropwizard.testing.junit.DropwizardAppRule.before(DropwizardAppRule.java:87)
	at org.junit.rules.ExternalResource$1.evaluate(ExternalResource.java:46)
	at org.junit.rules.RunRules.evaluate(RunRules.java:20)
	at org.junit.runners.ParentRunner.run(ParentRunner.java:363)
	at org.apache.maven.surefire.junit4.JUnit4Provider.execute(JUnit4Provider.java:252)
	at org.apache.maven.surefire.junit4.JUnit4Provider.executeTestSet(JUnit4Provider.java:141)
	at org.apache.maven.surefire.junit4.JUnit4Provider.invoke(JUnit4Provider.java:112)
	at sun.reflect.NativeMethodAccessorImpl.invoke0(Native Method)
	at sun.reflect.NativeMethodAccessorImpl.invoke(NativeMethodAccessorImpl.java:62)
	at sun.reflect.DelegatingMethodAccessorImpl.invoke(DelegatingMethodAccessorImpl.java:43)
	at java.lang.reflect.Method.invoke(Method.java:498)
	at org.apache.maven.surefire.util.ReflectionUtils.invokeMethodWithArray(ReflectionUtils.java:189)
	at org.apache.maven.surefire.booter.ProviderFactory$ProviderProxy.invoke(ProviderFactory.java:165)
	at org.apache.maven.surefire.booter.ProviderFactory.invokeProvider(ProviderFactory.java:85)
	at org.apache.maven.surefire.booter.ForkedBooter.runSuitesInProcess(ForkedBooter.java:115)
	at org.apache.maven.surefire.booter.ForkedBooter.main(ForkedBooter.java:75)

